0 info it worked if it ends with ok
1 verbose cli [ 'F:\\Program Files\\NodeJs\\node.exe',
1 verbose cli   'F:\\Program Files\\NodeJs\\node_modules\\npm\\bin\\npm-cli.js',
1 verbose cli   'run',
1 verbose cli   'build' ]
2 info using npm@3.10.8
3 info using node@v6.9.1
4 verbose run-script [ 'prebuild', 'build', 'postbuild' ]
5 info lifecycle nodeback@0.0.0~prebuild: nodeback@0.0.0
6 silly lifecycle nodeback@0.0.0~prebuild: no script for prebuild, continuing
7 info lifecycle nodeback@0.0.0~build: nodeback@0.0.0
8 verbose lifecycle nodeback@0.0.0~build: unsafe-perm in lifecycle true
9 verbose lifecycle nodeback@0.0.0~build: PATH: F:\Program Files\NodeJs\node_modules\npm\bin\node-gyp-bin;F:\JavaWork\algorithm\nodeBack\node_modules\.bin;C:\Windows\system32;C:\Windows;C:\Windows\System32\Wbem;C:\Windows\System32\WindowsPowerShell\v1.0\;C:\Program Files (x86)\Intel\OpenCL SDK\2.0\bin\x86;C:\Program Files (x86)\Intel\OpenCL SDK\2.0\bin\x64;C:\Program Files (x86)\AMD\ATI.ACE\Core-Static;C:\Program Files (x86)\ATI Technologies\ATI.ACE\Core-Static;F:\Program Files\Java Development\bin;F:\Program Files\NodeJs\;C:\Users\cold\AppData\Local\Microsoft\WindowsApps;C:\Users\cold\AppData\Roaming\npm
10 verbose lifecycle nodeback@0.0.0~build: CWD: F:\JavaWork\algorithm\nodeBack
11 silly lifecycle nodeback@0.0.0~build: Args: [ '/d /s /c', 'babel src -d lib' ]
12 silly lifecycle nodeback@0.0.0~build: Returned: code: 2  signal: null
13 info lifecycle nodeback@0.0.0~build: Failed to exec build script
14 verbose stack Error: nodeback@0.0.0 build: `babel src -d lib`
14 verbose stack Exit status 2
14 verbose stack     at EventEmitter.<anonymous> (F:\Program Files\NodeJs\node_modules\npm\lib\utils\lifecycle.js:255:16)
14 verbose stack     at emitTwo (events.js:106:13)
14 verbose stack     at EventEmitter.emit (events.js:191:7)
14 verbose stack     at ChildProcess.<anonymous> (F:\Program Files\NodeJs\node_modules\npm\lib\utils\spawn.js:40:14)
14 verbose stack     at emitTwo (events.js:106:13)
14 verbose stack     at ChildProcess.emit (events.js:191:7)
14 verbose stack     at maybeClose (internal/child_process.js:877:16)
14 verbose stack     at Process.ChildProcess._handle.onexit (internal/child_process.js:226:5)
15 verbose pkgid nodeback@0.0.0
16 verbose cwd F:\JavaWork\algorithm\nodeBack
17 error Windows_NT 10.0.14393
18 error argv "F:\\Program Files\\NodeJs\\node.exe" "F:\\Program Files\\NodeJs\\node_modules\\npm\\bin\\npm-cli.js" "run" "build"
19 error node v6.9.1
20 error npm  v3.10.8
21 error code ELIFECYCLE
22 error nodeback@0.0.0 build: `babel src -d lib`
22 error Exit status 2
23 error Failed at the nodeback@0.0.0 build script 'babel src -d lib'.
23 error Make sure you have the latest version of node.js and npm installed.
23 error If you do, this is most likely a problem with the nodeback package,
23 error not with npm itself.
23 error Tell the author that this fails on your system:
23 error     babel src -d lib
23 error You can get information on how to open an issue for this project with:
23 error     npm bugs nodeback
23 error Or if that isn't available, you can get their info via:
23 error     npm owner ls nodeback
23 error There is likely additional logging output above.
24 verbose exit [ 1, true ]
